0 info it worked if it ends with ok
1 verbose cli [ 'C:\\Program Files\\nodejs\\node.exe',
1 verbose cli   'C:\\Program Files\\nodejs\\node_modules\\npm\\bin\\npm-cli.js',
1 verbose cli   'run',
1 verbose cli   'test' ]
2 info using npm@3.10.10
3 info using node@v6.10.3
4 verbose run-script [ 'pretest', 'test', 'posttest' ]
5 info lifecycle crmscript@0.0.1~pretest: crmscript@0.0.1
6 silly lifecycle crmscript@0.0.1~pretest: no script for pretest, continuing
7 info lifecycle crmscript@0.0.1~test: crmscript@0.0.1
8 verbose lifecycle crmscript@0.0.1~test: unsafe-perm in lifecycle true
9 verbose lifecycle crmscript@0.0.1~test: PATH: C:\Program Files\nodejs\node_modules\npm\bin\node-gyp-bin;C:\Users\huis\git\vscode-crmscript\node_modules\.bin;C:\Program Files\Docker\Docker\Resources\bin;C:\ProgramData\Oracle\Java\javapath;C:\WINDOWS\system32;C:\WINDOWS;C:\WINDOWS\System32\Wbem;C:\WINDOWS\System32\WindowsPowerShell\v1.0\;C:\Program Files (x86)\Java\jre1.8.0_101\bin\client\;C:\Program Files\dotnet\;C:\Program Files (x86)\Vim\vim80;C:\Program Files\Git\cmd;C:\tools\Python27;C:\Program Files\nodejs\;C:\Program Files\Microsoft SQL Server\130\Tools\Binn\;C:\tools\PuTTY\;C:\Program Files\Microsoft VS Code\bin;"C:\Program Files (x86)\Vim\vim80";C:\Users\huis\AppData\Roaming\npm;C:\Program Files\Microsoft VS Code\bin
10 verbose lifecycle crmscript@0.0.1~test: CWD: C:\Users\huis\git\vscode-crmscript
11 silly lifecycle crmscript@0.0.1~test: Args: [ '/d /s /c',
11 silly lifecycle   'npm run compile && node ./node_modules/vscode/bin/test' ]
12 silly lifecycle crmscript@0.0.1~test: Returned: code: 7  signal: null
13 info lifecycle crmscript@0.0.1~test: Failed to exec test script
14 verbose stack Error: crmscript@0.0.1 test: `npm run compile && node ./node_modules/vscode/bin/test`
14 verbose stack Exit status 7
14 verbose stack     at EventEmitter.<anonymous> (C:\Program Files\nodejs\node_modules\npm\lib\utils\lifecycle.js:255:16)
14 verbose stack     at emitTwo (events.js:106:13)
14 verbose stack     at EventEmitter.emit (events.js:191:7)
14 verbose stack     at ChildProcess.<anonymous> (C:\Program Files\nodejs\node_modules\npm\lib\utils\spawn.js:40:14)
14 verbose stack     at emitTwo (events.js:106:13)
14 verbose stack     at ChildProcess.emit (events.js:191:7)
14 verbose stack     at maybeClose (internal/child_process.js:886:16)
14 verbose stack     at Process.ChildProcess._handle.onexit (internal/child_process.js:226:5)
15 verbose pkgid crmscript@0.0.1
16 verbose cwd C:\Users\huis\git\vscode-crmscript
17 error Windows_NT 10.0.14393
18 error argv "C:\\Program Files\\nodejs\\node.exe" "C:\\Program Files\\nodejs\\node_modules\\npm\\bin\\npm-cli.js" "run" "test"
19 error node v6.10.3
20 error npm  v3.10.10
21 error code ELIFECYCLE
22 error crmscript@0.0.1 test: `npm run compile && node ./node_modules/vscode/bin/test`
22 error Exit status 7
23 error Failed at the crmscript@0.0.1 test script 'npm run compile && node ./node_modules/vscode/bin/test'.
23 error Make sure you have the latest version of node.js and npm installed.
23 error If you do, this is most likely a problem with the crmscript package,
23 error not with npm itself.
23 error Tell the author that this fails on your system:
23 error     npm run compile && node ./node_modules/vscode/bin/test
23 error You can get information on how to open an issue for this project with:
23 error     npm bugs crmscript
23 error Or if that isn't available, you can get their info via:
23 error     npm owner ls crmscript
23 error There is likely additional logging output above.
24 verbose exit [ 1, true ]
